2016-04-20T09:23:20.164Z - info: Updating DB
2016-04-20T09:23:21.992Z - info: Logged into Steam
2016-04-20T09:23:23.029Z - info: Got API key: 8CFAB2C6183832C71B76631C917E7DCA
2016-04-20T09:29:54.584Z - trade: New offer #1174193000 from 76561198170453459
2016-04-20T09:29:55.453Z - info: Buying list contains an invalid item, declining
2016-04-20T09:29:56.873Z - trade: Offer #1174193000 changed: Active -> Declined
2016-04-20T09:35:31.869Z - trade: New offer #1174201389 from 76561198170453459
2016-04-20T09:35:32.487Z - info: the buying price is 0 metal and 1 Keys
2016-04-20T09:35:32.490Z - info: the selling price is 10 metal and 0 Keys
2016-04-20T09:35:32.490Z - info: Accepting offer
2016-04-20T09:35:34.377Z - info: Offer accepted
2016-04-20T10:29:29.044Z - info: Updating DB
2016-04-20T10:29:29.048Z - info: New buy entry found
2016-04-20T10:29:29.050Z - info: New sell entry found
2016-04-20T10:29:31.085Z - info: Logged into Steam
2016-04-20T10:29:32.122Z - info: Got API key: 8CFAB2C6183832C71B76631C917E7DCA
2016-04-20T10:29:33.524Z - trade: New offer #1174201389 from 76561198170453459
2016-04-20T10:29:34.157Z - info: the buying price is 0 metal and 1 Keys
2016-04-20T10:29:34.159Z - info: the selling price is 10 metal and 0 Keys
2016-04-20T10:29:34.160Z - info: Accepting offer
2016-04-20T10:29:36.446Z - error: error occured while confirming
2016-04-20T10:29:39.336Z - trade: Offer #1174201389 changed: Active -> Accepted
2016-04-20T10:29:40.707Z - info: Received: Mann Co. Supply Munition Series #90
2016-04-20T10:36:21.454Z - trade: New offer #1174293292 from 76561198170453459
2016-04-20T10:36:22.063Z - info: the buying price is 21.11 metal and 2 Keys
2016-04-20T10:36:22.066Z - info: the selling price is 30 metal and 0 Keys
2016-04-20T10:36:22.067Z - info: Accepting offer
2016-04-20T10:36:24.299Z - info: Offer accepted
2016-04-20T10:36:32.252Z - trade: Offer #1174293292 changed: Active -> Accepted
2016-04-20T10:36:33.411Z - info: Received: Battle-Worn Robot Money Furnace, Battle-Worn Robot Money Furnace, Battle-Worn Robot KB-808, Battle-Worn Robot Money Furnace, Mann Co. Supply Munition Series #85
2016-04-20T12:02:53.252Z - info: Updating DB
2016-04-20T12:02:53.256Z - info: New buy entry found
2016-04-20T12:02:53.259Z - info: New sell entry found
2016-04-20T12:02:55.611Z - info: Logged into Steam
2016-04-20T12:02:56.490Z - info: Got API key: 8CFAB2C6183832C71B76631C917E7DCA
2016-04-20T12:05:56.612Z - trade: New offer #1174457210 from 76561198170453459
2016-04-20T12:05:57.240Z - info: the buying price is 30.33 metal and 2 Keys
2016-04-20T12:05:57.242Z - info: the selling price is 30.33 metal and 2 Keys
2016-04-20T12:05:57.244Z - info: Accepting offer
2016-04-20T12:05:59.348Z - info: Offer accepted
2016-04-20T12:06:06.602Z - trade: Offer #1174457210 changed: Active -> Accepted
2016-04-20T12:06:07.991Z - info: Received: Battle-Worn Robot Taunt Processor, Battle-Worn Robot Taunt Processor, Tough Break Cosmetic Case, Tough Break Cosmetic Case, Tough Break Cosmetic Case
2016-04-20T14:00:56.284Z - info: Logged into Steam
2016-04-20T14:00:57.217Z - info: Got API key: 8CFAB2C6183832C71B76631C917E7DCA
2016-04-20T14:10:40.730Z - info: Logged into Steam
2016-04-20T14:10:41.830Z - info: Got API key: 8CFAB2C6183832C71B76631C917E7DCA
2016-04-20T14:10:43.590Z - trade: New offer #1174754977 from 76561198170453459
2016-04-20T14:10:44.231Z - info: Buying list contains an invalid item, declining
2016-04-20T14:10:45.435Z - trade: Offer #1174754977 changed: Active -> Declined
2016-04-20T14:12:04.383Z - info: Logged into Steam
2016-04-20T14:12:05.229Z - info: Got API key: 8CFAB2C6183832C71B76631C917E7DCA
2016-04-20T14:12:46.723Z - info: Updating DB
2016-04-20T14:12:46.729Z - info: New buy entry found
2016-04-20T14:12:46.732Z - info: New sell entry found
2016-04-20T14:12:47.762Z - info: Updating DB
2016-04-20T14:13:14.384Z - info: Updating DB
2016-04-20T14:13:16.852Z - info: Logged into Steam
2016-04-20T14:13:17.857Z - info: Got API key: 8CFAB2C6183832C71B76631C917E7DCA
2016-04-20T14:14:26.691Z - trade: New offer #1174765272 from 76561198170453459
2016-04-20T14:14:27.202Z - info: the buying price is 24.1 metal and 3 Keys
2016-04-20T14:14:27.204Z - info: the selling price is 24.11 metal and 3 Keys
2016-04-20T14:14:27.206Z - info: Declining as price offered is less
2016-04-20T14:14:28.476Z - trade: Offer #1174765272 changed: Active -> Declined
2016-04-20T14:18:14.390Z - info: Updating DB
2016-04-21T02:45:09.794Z - info: Updating DB
2016-04-21T02:45:11.783Z - info: Logged into Steam
2016-04-21T02:45:12.687Z - info: Got API key: 8CFAB2C6183832C71B76631C917E7DCA
2016-04-21T02:48:10.920Z - trade: New offer #1176257271 from 76561198170453459
2016-04-21T02:48:11.572Z - info: the buying price is 24.110000000000003 metal and 3 Keys
2016-04-21T02:48:11.573Z - info: the selling price is 24.11 metal and 3 Keys
2016-04-21T02:48:11.573Z - info: Accepting offer
2016-04-21T02:48:13.911Z - info: Offer accepted
2016-04-21T02:48:19.961Z - trade: Offer #1176257271 changed: Active -> Accepted
2016-04-21T02:48:21.226Z - info: Received: Dr. Gogglestache, An Extraordinary Abundance of Tinge, Specialized Killstreak Flame Thrower Kit Fabricator
2016-04-21T02:50:09.798Z - info: Updating DB
2016-04-21T02:55:09.803Z - info: Updating DB
2016-04-21T03:21:25.295Z - info: Updating DB
2016-04-21T03:21:25.300Z - info: New buy entry found
2016-04-21T03:21:25.302Z - info: New sell entry found
2016-04-21T03:21:27.283Z - info: Logged into Steam
2016-04-21T03:21:28.220Z - info: Got API key: 8CFAB2C6183832C71B76631C917E7DCA
2016-04-21T03:26:25.309Z - info: Updating DB
2016-04-21T03:27:22.059Z - trade: New offer #1176296719 from 76561198170453459
2016-04-21T03:27:22.728Z - info: the buying price is 3.99 metal and 1 Keys
2016-04-21T03:27:22.729Z - info: the selling price is 4 metal and 1 Keys
2016-04-21T03:27:22.731Z - info: Declining as price offered is less
2016-04-21T03:27:24.094Z - trade: Offer #1176296719 changed: Active -> Declined
2016-04-21T03:31:25.314Z - info: Updating DB
2016-04-21T03:36:25.317Z - info: Updating DB
2016-04-21T03:41:25.323Z - info: Updating DB
2016-04-21T03:46:25.325Z - info: Updating DB
2016-04-21T03:51:25.328Z - info: Updating DB
2016-04-21T03:56:25.333Z - info: Updating DB
2016-04-21T12:27:48.001Z - info: Updating DB
2016-04-21T12:27:48.006Z - info: New buy entry found
2016-04-21T12:27:48.014Z - info: New sell entry found
2016-04-21T12:27:49.918Z - info: Logged into Steam
2016-04-21T12:27:50.924Z - info: Got API key: 8CFAB2C6183832C71B76631C917E7DCA
2016-04-21T12:32:48.021Z - info: Updating DB
2016-04-21T12:34:00.974Z - trade: New offer #1177085406 from 76561198170453459
2016-04-21T12:34:31.463Z - info: Updating DB
2016-04-21T12:34:33.415Z - info: Logged into Steam
2016-04-21T12:34:34.308Z - info: Got API key: 8CFAB2C6183832C71B76631C917E7DCA
2016-04-21T12:34:35.739Z - trade: New offer #1177085406 from 76561198170453459
2016-04-21T12:34:57.823Z - info: Updating DB
2016-04-21T12:34:59.608Z - error: error occured SteamGuardMobile
2016-04-21T12:35:04.112Z - info: Updating DB
2016-04-21T12:35:05.916Z - info: Logged into Steam
2016-04-21T12:35:07.041Z - info: Got API key: 8CFAB2C6183832C71B76631C917E7DCA
2016-04-21T12:35:09.159Z - trade: New offer #1177085406 from 76561198170453459
2016-04-21T12:35:13.563Z - info: the buying price is 33 metal and 0 Keys
2016-04-21T12:35:13.564Z - info: the selling price is 32.22 metal and 0 Keys
2016-04-21T12:35:13.565Z - info: Accepting offer
2016-04-21T12:35:16.272Z - info: Offer accepted
2016-04-21T12:35:37.217Z - trade: Offer #1177085406 changed: Active -> Accepted
2016-04-21T12:35:39.041Z - info: Received: The Lollichop, The Lollichop, The Lollichop, The Lollichop, The Lollichop, The Lollichop, The Lollichop, The Lollichop, The Lollichop, The Lollichop, The Manmelter, The Manmelter, Reclaimed Metal, Tough Break Cosmetic Case, Tough Break Cosmetic Case, Tough Break Cosmetic Case
2016-04-21T12:40:04.119Z - info: Updating DB
2016-04-21T12:45:04.125Z - info: Updating DB
2016-04-21T14:11:15.897Z - info: Updating DB
2016-04-21T14:11:15.900Z - info: New buy entry found
2016-04-21T14:11:15.902Z - info: New sell entry found
2016-04-21T14:11:17.764Z - info: Logged into Steam
2016-04-21T14:11:19.535Z - info: Got API key: 8CFAB2C6183832C71B76631C917E7DCA
2016-04-21T14:15:04.241Z - trade: New offer #1177342798 from 76561198170453459
2016-04-21T14:15:10.375Z - info: The price of items to receive: 1.55 metal and 0 Keys
2016-04-21T14:15:10.377Z - info: The price of items to sell: 1.44 metal and 0 Keys
2016-04-21T14:15:10.378Z - info: Accepting offer
2016-04-21T14:15:13.258Z - info: Offer accepted
2016-04-21T14:15:31.602Z - trade: Offer #1177342798 changed: Active -> Accepted
2016-04-21T14:15:33.132Z - info: Received: Reinforced Robot Bomb Stabilizer, The Lollichop, The Lollichop
2016-04-21T14:16:15.907Z - info: Updating DB
2016-04-21T14:24:30.151Z - info: Updating DB
2016-04-21T14:24:30.154Z - info: New buy entry found
2016-04-21T14:24:30.155Z - info: New sell entry found
2016-04-21T14:24:31.932Z - info: Logged into Steam
2016-04-21T14:24:32.798Z - info: Got API key: 8CFAB2C6183832C71B76631C917E7DCA
2016-04-21T14:26:15.165Z - trade: New offer #1177374750 from 76561198170453459
2016-04-21T14:26:54.651Z - info: The price of items to receive: 2.22 metal and 0 Keys
2016-04-21T14:26:54.652Z - info: The price of items to sell: 2.22 metal and 0 Keys
2016-04-21T14:26:54.652Z - info: Accepting offer
2016-04-21T14:26:57.236Z - info: Offer accepted
2016-04-21T14:27:15.982Z - trade: Offer #1177374750 changed: Active -> Accepted
2016-04-21T14:27:17.484Z - info: Received: The Third Degree, Refined Metal, The Lollichop, The Lollichop, The Lollichop, The Lollichop, The Lollichop, The Lollichop, The Lollichop, The Lollichop, The Lollichop, The Lollichop
2016-04-21T14:29:30.160Z - info: Updating DB
2016-04-21T14:34:30.175Z - info: Updating DB
2016-04-21T14:36:53.811Z - info: Updating DB
2016-04-21T14:36:53.816Z - info: New buy entry found
2016-04-21T14:36:53.817Z - info: New sell entry found
2016-04-21T14:36:56.051Z - info: Logged into Steam
2016-04-21T14:36:57.028Z - info: Got API key: 8CFAB2C6183832C71B76631C917E7DCA
2016-04-21T14:41:53.831Z - info: Updating DB
2016-04-21T14:46:53.838Z - info: Updating DB
2016-04-21T14:48:12.765Z - trade: New offer #1177430763 from 76561198137265706
2016-04-21T14:48:17.150Z - warn: Offer [object Object] will incur escrow hold
2016-04-21T14:48:17.151Z - info: Declining trade due to escrow hold
2016-04-21T14:48:18.286Z - trade: Offer #1177430763 changed: Active -> Declined
2016-04-21T14:51:53.843Z - info: Updating DB
2016-04-23T16:59:57.664Z - info: Updating DB
2016-04-23T17:00:28.039Z - info: Updating DB
2016-04-23T17:00:40.451Z - info: Updating DB
2016-04-23T17:11:19.138Z - info: Updating DB
2016-04-23T17:11:21.752Z - info: Logged into Steam
2016-04-23T17:11:22.809Z - info: Got API key: 8CFAB2C6183832C71B76631C917E7DCA
